###############################################################
#  Generated by:      Cadence Innovus 16.10-p004_1
#  OS:                Linux x86_64(Host ID scc-pool-b-32)
#  Generated on:      Tue Jul  9 14:21:32 2019
#  Design:            minisystem_top
#  Command:           verifyGeometry
###############################################################

STACK: Blockage of Cell clk_io & Blockage of Cell datain_io  ( VI7 )
Bounds : ( 88.800, 88.800 ) ( 88.800, 88.800 )
( VI8 VI7 )

STACK: Blockage of Cell clk_io & Blockage of Cell datain_io  ( VI6 )
Bounds : ( 88.800, 88.800 ) ( 88.800, 88.800 )
( VI7 VI6 )

STACK: Blockage of Cell clk_io & Blockage of Cell datain_io  ( VI5 )
Bounds : ( 88.800, 88.800 ) ( 88.800, 88.800 )
( VI6 VI5 )

STACK: Blockage of Cell clk_io & Blockage of Cell datain_io  ( VI4 )
Bounds : ( 88.800, 88.800 ) ( 88.800, 88.800 )
( VI5 VI4 )

STACK: Blockage of Cell clk_io & Blockage of Cell datain_io  ( VI3 )
Bounds : ( 88.800, 88.800 ) ( 88.800, 88.800 )
( VI4 VI3 )

STACK: Blockage of Cell clk_io & Blockage of Cell datain_io  ( VI2 )
Bounds : ( 88.800, 88.800 ) ( 88.800, 88.800 )
( VI3 VI2 )

STACK: Blockage of Cell clk_io & Blockage of Cell datain_io  ( VI1 )
Bounds : ( 88.800, 88.800 ) ( 88.800, 88.800 )
( VI2 VI1 )


Begin Summary ...
  Cells       : 0
  SameNet     : 7
  Wiring      : 0
  Antenna     : 0
  Short       : 0
  Overlap     : 0
End Summary

  Total Violations : 7 Viols.
